2025-06-25 09:50:10,520 [DEBUG] Using proactor: IocpProactor
2025-06-25 09:50:10,523 [DEBUG] Starting new HTTPS connection (1): testnet.binance.vision:443
2025-06-25 09:50:11,197 [DEBUG] https://testnet.binance.vision:443 "GET /api/v3/ping HTTP/1.1" 200 2
2025-06-25 09:50:11,206 [DEBUG] Starting new HTTPS connection (1): testnet.binancefuture.com:443
2025-06-25 09:50:11,674 [DEBUG] https://testnet.binancefuture.com:443 "GET /fapi/v1/exchangeInfo HTTP/1.1" 200 None
2025-06-25 09:50:14,655 [DEBUG] https://testnet.binancefuture.com:443 "POST /fapi/v1/order HTTP/1.1" 200 None
2025-06-25 09:50:14,705 [INFO] Order_id = 4636453727, Coin = ETHUSDT, Price = 0.00, Quantity = 0.010, Type = MARKET, status = NEW, updateTime = 1750825214832, executedQty = 0.000, 
2025-06-25 09:50:21,393 [DEBUG] https://testnet.binance.vision:443 "GET /api/v3/time HTTP/1.1" 200 28
2025-06-25 09:50:21,397 [INFO] {'serverTime': 1750825221571}
2025-06-25 09:50:26,378 [DEBUG] https://testnet.binance.vision:443 "GET /api/v3/avgPrice?symbol=ETHUSDT HTTP/1.1" 200 60
2025-06-25 09:50:26,381 [INFO] {'mins': 5, 'price': '2439.85629470', 'closeTime': 1750825225241}
2025-06-25 09:50:40,055 [INFO] Available Futures Symbols:
2025-06-25 09:50:40,055 [INFO] ['BTCUSDT', 'ETHUSDT', 'BCHUSDT', 'XRPUSDT', 'EOSUSDT', 'LTCUSDT', 'TRXUSDT', 'ETCUSDT', 'LINKUSDT', 'XLMUSDT', 'ADAUSDT', 'DASHUSDT', 'ZECUSDT', 'XTZUSDT', 'BNBUSDT', 'ATOMUSDT', 'ONTUSDT', 'IOTAUSDT', 'BATUSDT', 'VETUSDT', 'NEOUSDT', 'QTUMUSDT', 'IOSTUSDT', 'THETAUSDT', 'ALGOUSDT', 'ZILUSDT', 'KNCUSDT', 'ZRXUSDT', 'COMPUSDT', 'OMGUSDT', 'DOGEUSDT', 'SXPUSDT', 'KAVAUSDT', 'BANDUSDT', 'RLCUSDT', 'WAVESUSDT', 'MKRUSDT', 'SNXUSDT', 'DOTUSDT', 'DEFIUSDT', 'YFIUSDT', 'BALUSDT', 'CRVUSDT', 'TRBUSDT', 'RUNEUSDT', 'SUSHIUSDT', 'EGLDUSDT', 'SOLUSDT', 'ICXUSDT', 'STORJUSDT', 'UNIUSDT', 'AVAXUSDT', 'FTMUSDT', 'ENJUSDT', 'FLMUSDT', 'TOMOUSDT', 'RENUSDT', 'KSMUSDT', 'NEARUSDT', 'AAVEUSDT', 'FILUSDT', 'RSRUSDT', 'LRCUSDT', 'OCEANUSDT', 'BELUSDT', 'CTKUSDT', 'AXSUSDT', 'ALPHAUSDT', 'ZENUSDT', 'SKLUSDT', 'GRTUSDT', 'BNTUSDT', '1INCHUSDT', 'UNFIUSDT', 'CHZUSDT', 'SANDUSDT', 'ANKRUSDT', 'LITUSDT', 'REEFUSDT', 'RVNUSDT', 'SFPUSDT', 'XEMUSDT', 'BTCSTUSDT', 'COTIUSDT', 'CHRUSDT', 'MANAUSDT', 'ALICEUSDT', 'HBARUSDT', 'ONEUSDT', 'LINAUSDT', 'STMXUSDT', 'DENTUSDT', 'CELRUSDT', 'HOTUSDT', 'MTLUSDT', 'OGNUSDT', 'NKNUSDT', 'DGBUSDT', '1000SHIBUSDT', 'BAKEUSDT', 'GTCUSDT', 'BTCDOMUSDT', 'MASKUSDT', 'IOTXUSDT', 'AUDIOUSDT', 'C98USDT', 'ATAUSDT', 'DYDXUSDT', '1000XECUSDT', 'GALAUSDT', 'CELOUSDT', 'ARUSDT', 'KLAYUSDT', 'ARPAUSDT', 'CTSIUSDT', 'LPTUSDT', 'ENSUSDT', 'PEOPLEUSDT', 'ANTUSDT', 'ROSEUSDT', 'DUSKUSDT', 'FLOWUSDT', 'IMXUSDT', 'API3USDT', 'GMTUSDT', 'APEUSDT', 'WOOUSDT', 'JASMYUSDT', 'DARUSDT', 'OPUSDT', 'XMRUSDT', 'INJUSDT', 'STGUSDT', 'SPELLUSDT', '1000LUNCUSDT', 'LUNA2USDT', 'LDOUSDT', 'CVXUSDT', 'FOOTBALLUSDT', 'APTUSDT', 'QNTUSDT', 'BLUEBIRDUSDT', 'FXSUSDT', 'HOOKUSDT', 'MAGICUSDT', 'TUSDT', 'HIGHUSDT', 'MINAUSDT', 'ASTRUSDT', 'PHBUSDT', 'AGIXUSDT', 'FETUSDT', 'GMXUSDT', 'CFXUSDT', 'STXUSDT', 'ACHUSDT', 'SSVUSDT', 'CKBUSDT', 'PERPUSDT', 'LQTYUSDT', 'USDCUSDT', 'ARBUSDT', 'IDUSDT', 'JOEUSDT', 'AMBUSDT', 'LEVERUSDT', 'TRUUSDT', 'RDNTUSDT', 'ETHBTC', 'HFTUSDT', 'XVSUSDT', 'BLURUSDT', 'EDUUSDT', 'IDEXUSDT', '1000PEPEUSDT', '1000FLOKIUSDT', 'RADUSDT', 'UMAUSDT', 'KEYUSDT', 'COMBOUSDT', 'SUIUSDT', 'NMRUSDT', 'MAVUSDT', 'MDTUSDT', 'XVGUSDT', 'WLDUSDT', 'PENDLEUSDT', 'ARKMUSDT', 'AGLDUSDT', 'YGGUSDT', 'DODOXUSDT', 'OXTUSDT', 'SEIUSDT', 'CYBERUSDT', 'HIFIUSDT', 'ARKUSDT', 'GLMRUSDT', 'BICOUSDT', 'STRAXUSDT', 'LOOMUSDT', 'BIGTIMEUSDT', 'BONDUSDT', 'ORBSUSDT', 'STPTUSDT', 'WAXPUSDT', 'BSVUSDT', 'RIFUSDT', 'POLYXUSDT', 'GASUSDT', 'POWRUSDT', 'SLPUSDT', 'TIAUSDT', 'SNTUSDT', 'CAKEUSDT', 'MEMEUSDT', 'TOKENUSDT', 'ORDIUSDT', 'STEEMUSDT', 'BADGERUSDT', 'ILVUSDT', 'NTRNUSDT', 'MBLUSDT', 'KASUSDT', 'BEAMXUSDT', '1000BONKUSDT', 'PYTHUSDT', 'SUPERUSDT', 'USTCUSDT', 'ONGUSDT', 'ETHWUSDT', 'JTOUSDT', '1000SATSUSDT', 'AUCTIONUSDT', '1000RATSUSDT', 'ACEUSDT', 'MOVRUSDT', 'TWTUSDT', 'NFPUSDT', 'BTCUSDC', 'ETHUSDC', 'BNBUSDC', 'XRPUSDC', 'SOLUSDC', 'AIUSDT', 'XAIUSDT', 'DOGEUSDC', 'WIFUSDT', 'MANTAUSDT', 'ONDOUSDT', 'LSKUSDT', 'ALTUSDT', 'JUPUSDT', 'ZETAUSDT', 'RONINUSDT', 'SUIUSDC', 'DYMUSDT', 'OMUSDT', 'LINKUSDC', 'PIXELUSDT', 'ORDIUSDC', 'STRKUSDT', 'MAVIAUSDT', 'GLMUSDT', 'PORTALUSDT', 'TONUSDT', 'AXLUSDT', 'MYROUSDT', '1000PEPEUSDC', 'METISUSDT', 'AEVOUSDT', 'WLDUSDC', 'VANRYUSDT', 'BOMEUSDT', 'AVAXUSDC', '1000SHIBUSDC', 'ETHFIUSDT', 'ENAUSDT', 'BCHUSDC', 'WIFUSDC', 'WUSDT', 'TNSRUSDT', 'SAGAUSDT', 'NEARUSDC', 'LTCUSDC', 'TAOUSDT', 'ARBUSDC', 'NEOUSDC', 'FILUSDC', 'OMNIUSDT', 'BOMEUSDC', 'TIAUSDC', 'REZUSDT', 'ETHFIUSDC', 'ENAUSDC', '1000BONKUSDC', 'BBUSDT', 'NOTUSDT', 'TURBOUSDT', 'IOUSDT', 'ZKUSDT', 'MEWUSDT', 'LISTAUSDT', 'ZROUSDT', 'CRVUSDC', 'RENDERUSDT', 'BANANAUSDT', 'RAREUSDT', 'GUSDT', 'SYNUSDT', 'SYSUSDT', 'VOXELUSDT', 'BRETTUSDT', 'ALPACAUSDT', 'POPCATUSDT', 'SUNUSDT', 'VIDTUSDT', 'NULSUSDT', 'DOGSUSDT', 'MBOXUSDT', 'CHESSUSDT', 'FLUXUSDT', 'BSWUSDT', 'QUICKUSDT', 'NEIROETHUSDT', 'RPLUSDT', 'AERGOUSDT', 'POLUSDT', 'UXLINKUSDT', 'NEIROUSDT', '1MBABYDOGEUSDT', 'KDAUSDT', 'FIDAUSDT', 'FIOUSDT', 'CATIUSDT', 'GHSTUSDT', 'LOKAUSDT', 'HMSTRUSDT', 'REIUSDT', 'COSUSDT', 'EIGENUSDT', 'DIAUSDT', '1000CATUSDT', 'SCRUSDT', 'GOATUSDT', 'MOODENGUSDT', 'SAFEUSDT', 'SANTOSUSDT', 'TROYUSDT', 'PONKEUSDT', 'CETUSUSDT', 'COWUSDT', '1000000MOGUSDT', 'GRASSUSDT', 'DRIFTUSDT', 'SWELLUSDT', 'PNUTUSDT', 'ACTUSDT', 'HIPPOUSDT', '1000XUSDT', 'DEGENUSDT', 'BANUSDT', 'AKTUSDT', 'SLERFUSDT', 'SCRTUSDT', '1000WHYUSDT', '1000CHEEMSUSDT', 'THEUSDT', 'MORPHOUSDT', 'CHILLGUYUSDT', 'KAIAUSDT', 'AEROUSDT', 'ACXUSDT', 'ORCAUSDT', 'MOVEUSDT', 'RAYSOLUSDT', 'VIRTUALUSDT', 'SPXUSDT', 'KOMAUSDT', 'MEUSDT', 'ABCCCUSDT', 'AVAUSDT', 'DEGOUSDT', 'VELODROMEUSDT', 'MOCAUSDT', 'VANAUSDT', 'PENGUUSDT', 'LUMIAUSDT', 'USUALUSDT', 'KMNOUSDT', 'CGPTUSDT', 'AIXBTUSDT', 'FARTCOINUSDT', 'HIVEUSDT', 'ETHUSDT_250627', 'DEXEUSDT', 'BTCUSDT_250627', 'PHAUSDT', 'DFUSDT', 'GRIFFAINUSDT', 'AI16ZUSDT', 'ZEREBROUSDT', 'BIOUSDT', 'COOKIEUSDT', 'ALCHUSDT', 'SWARMSUSDT', 'SONICUSDT', 'DUSDT', 'PROMUSDT', 'SUSDT', 'SOLVUSDT', 'ARCUSDT', 'AVAAIUSDT', 'TRUMPUSDT', 'MELANIAUSDT', 'VTHOUSDT', 'ANIMEUSDT', 'PIPPINUSDT', 'VINEUSDT', 'VVVUSDT', 'BERAUSDT', 'TSTUSDT', 'LAYERUSDT', 'HEIUSDT', 'B3USDT', 'IPUSDT', 'GPSUSDT', 'SHELLUSDT', 'KAITOUSDT', 'KAITOUSDC', 'HBARUSDC', 'PNUTUSDC', 'ADAUSDC', 'TRUMPUSDC', 'IPUSDC', 'REDUSDT', 'VICUSDT', 'EPICUSDT', 'BMTUSDT', 'MUBARAKUSDT', 'FORMUSDT', 'TUTUSDT', 'BIDUSDT', 'BROCCOLI714USDT', 'BROCCOLIF3BUSDT', 'BANANAS31USDT', 'SIRENUSDT', 'BTCUSDT_250926', 'BNXUSDT', 'ETHUSDT_250926', 'BRUSDT', 'PLUMEUSDT', 'JELLYJELLYUSDT', 'PAXGUSDT', 'WALUSDT', 'FUNUSDT', 'MLNUSDT', 'ATHUSDT', 'BABYUSDT', 'FORTHUSDT', 'PROMPTUSDT', 'XCNUSDT', 'PUMPUSDT', 'STOUSDT', 'FHEUSDT', 'KERNELUSDT', 'INITUSDT', 'BANKUSDT', 'EPTUSDT', 'DEEPUSDT', 'HYPERUSDT', 'MEMEFIUSDT', 'FISUSDT', 'JSTUSDT', 'SIGNUSDT', 'WCTUSDT', 'GUNUSDT', 'PARTIUSDT', 'NILUSDT', 'PUNDIXUSDT', 'AIOTUSDT', 'DOLOUSDT', 'HAEDALUSDT', 'SXTUSDT', 'ALPINEUSDT', 'ASRUSDT', 'B2USDT', 'MILKUSDT', 'SYRUPUSDT', 'OBOLUSDT', 'DOODUSDT', 'OGUSDT', 'ZKJUSDT', 'SKYAIUSDT', 'NXPCUSDT', 'AGTUSDT', 'BUSDT', 'AUSDT', 'SOPHUSDT', 'MERLUSDT', 'HYPEUSDT', 'BDXNUSDT', 'PUFFERUSDT', 'PORT3USDT', '1000000BOBUSDT', 'SKATEUSDT', 'HOMEUSDT', 'TAIKOUSDT', 'SQDUSDT', 'PUMPBTCUSDT', 'AAVEUSDC', 'UNIUSDC', 'MYXUSDT', 'FUSDT', 'NEWTUSDT', 'DMCUSDT', 'ETHUSDT_251226']
2025-06-25 09:50:51,400 [DEBUG] https://testnet.binancefuture.com:443 "POST /fapi/v1/order HTTP/1.1" 200 None
2025-06-25 09:50:51,444 [INFO] Order_id = 4636463163, Coin = ETHUSDT, Price = 0.00, Quantity = 0.010, Type = MARKET, status = NEW, updateTime = 1750825251575, executedQty = 0.000, 
2025-06-25 09:50:59,613 [INFO] Thank for using our App. See you soon!
2025-06-25 09:51:57,930 [DEBUG] Using proactor: IocpProactor
2025-06-25 09:51:57,933 [DEBUG] Starting new HTTPS connection (1): testnet.binance.vision:443
2025-06-25 09:51:58,618 [DEBUG] https://testnet.binance.vision:443 "GET /api/v3/ping HTTP/1.1" 200 2
2025-06-25 09:51:58,624 [DEBUG] Starting new HTTPS connection (1): testnet.binancefuture.com:443
2025-06-25 09:51:59,130 [DEBUG] https://testnet.binancefuture.com:443 "GET /fapi/v1/exchangeInfo HTTP/1.1" 200 None
2025-06-25 09:52:04,511 [DEBUG] https://testnet.binance.vision:443 "GET /api/v3/time HTTP/1.1" 200 28
2025-06-25 09:52:04,515 [INFO] {'serverTime': 1750825324681}
2025-06-25 09:52:08,468 [DEBUG] https://testnet.binance.vision:443 "GET /api/v3/avgPrice?symbol=ETHUSDT HTTP/1.1" 200 60
2025-06-25 09:52:08,470 [INFO] {'mins': 5, 'price': '2403.10780261', 'closeTime': 1750825308794}
2025-06-25 09:52:21,433 [DEBUG] https://testnet.binancefuture.com:443 "POST /fapi/v1/order HTTP/1.1" 200 None
2025-06-25 09:52:21,482 [INFO] Order_id = 4636474623, Coin = ETHUSDT, Price = 0.00, Quantity = 0.010, Type = MARKET, status = NEW, updateTime = 1750825341610, executedQty = 0.000, 
2025-06-25 09:52:49,403 [INFO] Thank for using our App. See you soon!
2025-06-25 09:53:08,546 [DEBUG] Using proactor: IocpProactor
2025-06-25 09:53:08,548 [DEBUG] Starting new HTTPS connection (1): testnet.binance.vision:443
2025-06-25 09:53:09,148 [DEBUG] https://testnet.binance.vision:443 "GET /api/v3/ping HTTP/1.1" 200 2
2025-06-25 09:53:09,155 [DEBUG] Starting new HTTPS connection (1): testnet.binancefuture.com:443
2025-06-25 09:53:09,600 [DEBUG] https://testnet.binancefuture.com:443 "GET /fapi/v1/exchangeInfo HTTP/1.1" 200 None
2025-06-25 09:53:11,675 [DEBUG] https://testnet.binancefuture.com:443 "POST /fapi/v1/order HTTP/1.1" 200 None
2025-06-25 09:53:11,722 [INFO] Order_id = 4636484341, Coin = ETHUSDT, Price = 0.00, Quantity = 0.050, Type = MARKET, status = NEW, updateTime = 1750825391849, executedQty = 0.000, 
2025-06-25 09:53:16,288 [INFO] Exiting. Goodbye!
2025-06-25 09:54:38,030 [DEBUG] Using proactor: IocpProactor
2025-06-25 09:54:38,032 [DEBUG] Starting new HTTPS connection (1): testnet.binance.vision:443
2025-06-25 09:54:38,776 [DEBUG] https://testnet.binance.vision:443 "GET /api/v3/ping HTTP/1.1" 200 2
2025-06-25 09:54:38,782 [DEBUG] Starting new HTTPS connection (1): testnet.binancefuture.com:443
2025-06-25 09:54:39,598 [DEBUG] https://testnet.binancefuture.com:443 "GET /fapi/v1/exchangeInfo HTTP/1.1" 200 None
2025-06-25 09:54:40,887 [DEBUG] https://testnet.binancefuture.com:443 "POST /fapi/v1/order HTTP/1.1" 200 None
2025-06-25 09:54:40,943 [INFO] Order_id = 4731483618, Coin = BTCUSDT, Price = 0.00, Quantity = 0.050, Type = MARKET, status = NEW, updateTime = 1750825481050, executedQty = 0.000, 
2025-06-25 09:54:56,765 [DEBUG] https://testnet.binancefuture.com:443 "POST /fapi/v1/order HTTP/1.1" 200 None
2025-06-25 09:54:56,809 [INFO] Order_id = 4731500485, Coin = BTCUSDT, Price = 0.00, Quantity = 0.050, Type = MARKET, status = NEW, updateTime = 1750825496933, executedQty = 0.000, 
2025-06-25 09:55:04,580 [INFO] Exiting. Goodbye!
2025-06-25 09:55:16,362 [DEBUG] Using proactor: IocpProactor
2025-06-25 09:55:16,364 [DEBUG] Starting new HTTPS connection (1): testnet.binance.vision:443
2025-06-25 09:55:16,971 [DEBUG] https://testnet.binance.vision:443 "GET /api/v3/ping HTTP/1.1" 200 2
2025-06-25 09:55:16,973 [DEBUG] Starting new HTTPS connection (1): testnet.binancefuture.com:443
2025-06-25 09:55:17,234 [DEBUG] https://testnet.binancefuture.com:443 "GET /fapi/v1/exchangeInfo HTTP/1.1" 200 None
2025-06-25 09:56:51,654 [DEBUG] Resetting dropped connection: testnet.binancefuture.com
2025-06-25 09:56:53,351 [DEBUG] https://testnet.binancefuture.com:443 "POST /fapi/v1/order HTTP/1.1" 200 None
2025-06-25 09:56:53,356 [INFO] Order_id = 4731579085, Coin = BTCUSDT, Price = 0.00, Quantity = 0.050, Type = MARKET, status = NEW, updateTime = 1750825613294, executedQty = 0.000, 
2025-06-25 09:57:00,729 [DEBUG] https://testnet.binancefuture.com:443 "POST /fapi/v1/order HTTP/1.1" 200 None
2025-06-25 09:57:01,014 [INFO] Order_id = 4731582200, Coin = BTCUSDT, Price = 0.00, Quantity = 0.050, Type = MARKET, status = NEW, updateTime = 1750825620777, executedQty = 0.000, 
2025-06-25 09:58:48,461 [DEBUG] https://testnet.binancefuture.com:443 "POST /fapi/v1/order HTTP/1.1" 200 None
2025-06-25 09:58:48,465 [INFO] Order_id = 4731652365, Coin = BTCUSDT, Price = 0.00, Quantity = 0.050, Type = MARKET, status = NEW, updateTime = 1750825728504, executedQty = 0.000, 
2025-06-25 09:59:02,671 [INFO] Thank for using our App. See you soon!
